  [4;36;1mSQL (0.0ms)[0m   [0;1mSET NAMES 'utf8'[0m
  [4;35;1mSQL (0.0ms)[0m   [0mSET SQL_AUTO_IS_NULL=0[0m
  [4;36;1mSQL (0.0ms)[0m   [0;1mSHOW TABLES[0m
  [4;35;1mSQL (93.8ms)[0m   [0mCREATE TABLE `schema_migrations` (`version` varchar(255) NOT NULL) ENGINE=InnoDB[0m
  [4;36;1mSQL (0.0ms)[0m   [0;1mSHOW KEYS FROM `schema_migrations`[0m
  [4;35;1mSQL (234.4ms)[0m   [0mCREATE UNIQUE INDEX `unique_schema_migrations` ON `schema_migrations` (`version`)[0m
  [4;36;1mSQL (0.0ms)[0m   [0;1mSHOW TABLES[0m
  [4;35;1mSQL (0.0ms)[0m   [0mSELECT version FROM schema_migrations[0m
Migrating to CreateAgencies (20100828053128)
  [4;36;1mSQL (78.1ms)[0m   [0;1mCREATE TABLE `agencies` (`id` int(11) DEFAULT NULL auto_increment PRIMARY KEY, `created_at` datetime, `updated_at` datetime) ENGINE=InnoDB[0m
  [4;35;1mSQL (31.2ms)[0m   [0mINSERT INTO schema_migrations (version) VALUES ('20100828053128')[0m
Migrating to CreateBudgets (20100828053322)
  [4;36;1mSQL (62.5ms)[0m   [0;1mCREATE TABLE `budgets` (`id` int(11) DEFAULT NULL auto_increment PRIMARY KEY, `b_amount` float, `b_time` datetime, `created_at` datetime, `updated_at` datetime) ENGINE=InnoDB[0m
  [4;35;1mSQL (46.9ms)[0m   [0mINSERT INTO schema_migrations (version) VALUES ('20100828053322')[0m
Migrating to CreateUsers (20100828053554)
  [4;36;1mSQL (78.1ms)[0m   [0;1mCREATE TABLE `users` (`id` int(11) DEFAULT NULL auto_increment PRIMARY KEY, `created_at` datetime, `updated_at` datetime) ENGINE=InnoDB[0m
  [4;35;1mSQL (62.5ms)[0m   [0mINSERT INTO schema_migrations (version) VALUES ('20100828053554')[0m
Migrating to CreateResearches (20100828053900)
  [4;36;1mSQL (78.1ms)[0m   [0;1mCREATE TABLE `researches` (`id` int(11) DEFAULT NULL auto_increment PRIMARY KEY, `created_at` datetime, `updated_at` datetime) ENGINE=InnoDB[0m
  [4;35;1mSQL (46.9ms)[0m   [0mINSERT INTO schema_migrations (version) VALUES ('20100828053900')[0m
Migrating to CreateEquipment (20100828054017)
  [4;36;1mSQL (78.1ms)[0m   [0;1mCREATE TABLE `equipment` (`id` int(11) DEFAULT NULL auto_increment PRIMARY KEY, `e_name` varchar(255), `e_price` float, `created_at` datetime, `updated_at` datetime) ENGINE=InnoDB[0m
  [4;35;1mSQL (46.9ms)[0m   [0mINSERT INTO schema_migrations (version) VALUES ('20100828054017')[0m
  [4;36;1mSQL (0.0ms)[0m   [0;1mSHOW TABLES[0m
  [4;35;1mSQL (0.0ms)[0m   [0mSELECT version FROM schema_migrations[0m
  [4;36;1mSQL (15.6ms)[0m   [0;1mSHOW TABLES[0m
  [4;35;1mSQL (0.0ms)[0m   [0mSHOW FIELDS FROM `agencies`[0m
  [4;36;1mSQL (250.0ms)[0m   [0;1mdescribe `agencies`[0m
  [4;35;1mSQL (0.0ms)[0m   [0mSHOW KEYS FROM `agencies`[0m
  [4;36;1mSQL (0.0ms)[0m   [0;1mSHOW FIELDS FROM `budgets`[0m
  [4;35;1mSQL (234.4ms)[0m   [0mdescribe `budgets`[0m
  [4;36;1mSQL (15.6ms)[0m   [0;1mSHOW KEYS FROM `budgets`[0m
  [4;35;1mSQL (0.0ms)[0m   [0mSHOW FIELDS FROM `equipment`[0m
  [4;36;1mSQL (234.4ms)[0m   [0;1mdescribe `equipment`[0m
  [4;35;1mSQL (0.0ms)[0m   [0mSHOW KEYS FROM `equipment`[0m
  [4;36;1mSQL (0.0ms)[0m   [0;1mSHOW FIELDS FROM `researches`[0m
  [4;35;1mSQL (15.6ms)[0m   [0mdescribe `researches`[0m
  [4;36;1mSQL (0.0ms)[0m   [0;1mSHOW KEYS FROM `researches`[0m
  [4;35;1mSQL (0.0ms)[0m   [0mSHOW FIELDS FROM `users`[0m
  [4;36;1mSQL (15.6ms)[0m   [0;1mdescribe `users`[0m
  [4;35;1mSQL (0.0ms)[0m   [0mSHOW KEYS FROM `users`[0m
  [4;36;1mSQL (0.0ms)[0m   [0;1mSET NAMES 'utf8'[0m
  [4;35;1mSQL (0.0ms)[0m   [0mSET SQL_AUTO_IS_NULL=0[0m
  [4;36;1mSQL (0.0ms)[0m   [0;1mSHOW TABLES[0m
  [4;35;1mSQL (15.6ms)[0m   [0mSELECT version FROM schema_migrations[0m
Migrating to CreateAgencies (20100828061858)
  [4;36;1mSQL (0.0ms)[0m   [0;1mMysql::Error: Table 'agencies' already exists: CREATE TABLE `agencies` (`id` int(11) DEFAULT NULL auto_increment PRIMARY KEY, `a_name` varchar(255), `a_address` varchar(255), `created_at` datetime, `updated_at` datetime) ENGINE=InnoDB[0m
  [4;36;1mSQL (0.0ms)[0m   [0;1mSET NAMES 'utf8'[0m
  [4;35;1mSQL (0.0ms)[0m   [0mSET SQL_AUTO_IS_NULL=0[0m
  [4;36;1mSQL (15.6ms)[0m   [0;1mSHOW TABLES[0m
  [4;35;1mSQL (62.5ms)[0m   [0mCREATE TABLE `schema_migrations` (`version` varchar(255) NOT NULL) ENGINE=InnoDB[0m
  [4;36;1mSQL (0.0ms)[0m   [0;1mSHOW KEYS FROM `schema_migrations`[0m
  [4;35;1mSQL (234.4ms)[0m   [0mCREATE UNIQUE INDEX `unique_schema_migrations` ON `schema_migrations` (`version`)[0m
  [4;36;1mSQL (0.0ms)[0m   [0;1mSHOW TABLES[0m
  [4;35;1mSQL (0.0ms)[0m   [0mSELECT version FROM schema_migrations[0m
Migrating to CreateAgencies (20100828061858)
  [4;36;1mSQL (78.1ms)[0m   [0;1mCREATE TABLE `agencies` (`id` int(11) DEFAULT NULL auto_increment PRIMARY KEY, `a_name` varchar(255), `a_address` varchar(255), `created_at` datetime, `updated_at` datetime) ENGINE=InnoDB[0m
  [4;35;1mSQL (31.2ms)[0m   [0mINSERT INTO schema_migrations (version) VALUES ('20100828061858')[0m
Migrating to CreateBudgets (20100828062014)
  [4;36;1mSQL (93.8ms)[0m   [0;1mCREATE TABLE `budgets` (`id` int(11) DEFAULT NULL auto_increment PRIMARY KEY, `b_amount` float, `b_source` varchar(255), `b_time` datetime, `created_at` datetime, `updated_at` datetime) ENGINE=InnoDB[0m
  [4;35;1mSQL (109.4ms)[0m   [0mINSERT INTO schema_migrations (version) VALUES ('20100828062014')[0m
Migrating to CreateUsers (20100828062038)
  [4;36;1mSQL (62.5ms)[0m   [0;1mCREATE TABLE `users` (`id` int(11) DEFAULT NULL auto_increment PRIMARY KEY, `u_name` varchar(255), `u_address` varchar(255), `u_email` varchar(255), `created_at` datetime, `updated_at` datetime) ENGINE=InnoDB[0m
  [4;35;1mSQL (31.2ms)[0m   [0mINSERT INTO schema_migrations (version) VALUES ('20100828062038')[0m
Migrating to CreateResearches (20100828062104)
  [4;36;1mSQL (78.1ms)[0m   [0;1mCREATE TABLE `researches` (`id` int(11) DEFAULT NULL auto_increment PRIMARY KEY, `created_at` datetime, `updated_at` datetime) ENGINE=InnoDB[0m
  [4;35;1mSQL (46.9ms)[0m   [0mINSERT INTO schema_migrations (version) VALUES ('20100828062104')[0m
Migrating to CreateEquipment (20100828062129)
  [4;36;1mSQL (78.1ms)[0m   [0;1mCREATE TABLE `equipment` (`id` int(11) DEFAULT NULL auto_increment PRIMARY KEY, `e_name` varchar(255), `e_price` float, `created_at` datetime, `updated_at` datetime) ENGINE=InnoDB[0m
  [4;35;1mSQL (46.9ms)[0m   [0mINSERT INTO schema_migrations (version) VALUES ('20100828062129')[0m
  [4;36;1mSQL (0.0ms)[0m   [0;1mSHOW TABLES[0m
  [4;35;1mSQL (0.0ms)[0m   [0mSELECT version FROM schema_migrations[0m
  [4;36;1mSQL (0.0ms)[0m   [0;1mSHOW TABLES[0m
  [4;35;1mSQL (0.0ms)[0m   [0mSHOW FIELDS FROM `agencies`[0m
  [4;36;1mSQL (250.0ms)[0m   [0;1mdescribe `agencies`[0m
  [4;35;1mSQL (0.0ms)[0m   [0mSHOW KEYS FROM `agencies`[0m
  [4;36;1mSQL (0.0ms)[0m   [0;1mSHOW FIELDS FROM `budgets`[0m
  [4;35;1mSQL (234.4ms)[0m   [0mdescribe `budgets`[0m
  [4;36;1mSQL (15.6ms)[0m   [0;1mSHOW KEYS FROM `budgets`[0m
  [4;35;1mSQL (0.0ms)[0m   [0mSHOW FIELDS FROM `equipment`[0m
  [4;36;1mSQL (15.6ms)[0m   [0;1mdescribe `equipment`[0m
  [4;35;1mSQL (0.0ms)[0m   [0mSHOW KEYS FROM `equipment`[0m
  [4;36;1mSQL (0.0ms)[0m   [0;1mSHOW FIELDS FROM `researches`[0m
  [4;35;1mSQL (15.6ms)[0m   [0mdescribe `researches`[0m
  [4;36;1mSQL (0.0ms)[0m   [0;1mSHOW KEYS FROM `researches`[0m
  [4;35;1mSQL (0.0ms)[0m   [0mSHOW FIELDS FROM `users`[0m
  [4;36;1mSQL (250.0ms)[0m   [0;1mdescribe `users`[0m
  [4;35;1mSQL (0.0ms)[0m   [0mSHOW KEYS FROM `users`[0m
  [4;36;1mSQL (0.0ms)[0m   [0;1mSET NAMES 'utf8'[0m
  [4;35;1mSQL (31.2ms)[0m   [0mSET SQL_AUTO_IS_NULL=0[0m
  [4;36;1mSQL (0.0ms)[0m   [0;1mSHOW TABLES[0m
  [4;35;1mSQL (250.0ms)[0m   [0mCREATE TABLE `schema_migrations` (`version` varchar(255) NOT NULL) ENGINE=InnoDB[0m
  [4;36;1mSQL (0.0ms)[0m   [0;1mSHOW KEYS FROM `schema_migrations`[0m
  [4;35;1mSQL (234.4ms)[0m   [0mCREATE UNIQUE INDEX `unique_schema_migrations` ON `schema_migrations` (`version`)[0m
  [4;36;1mSQL (0.0ms)[0m   [0;1mSHOW TABLES[0m
  [4;36;1mSQL (0.0ms)[0m   [0;1mSET NAMES 'utf8'[0m
  [4;35;1mSQL (0.0ms)[0m   [0mSET SQL_AUTO_IS_NULL=0[0m
  [4;36;1mSQL (15.6ms)[0m   [0;1mSHOW TABLES[0m
  [4;36;1mSQL (0.0ms)[0m   [0;1mSET NAMES 'utf8'[0m
  [4;35;1mSQL (0.0ms)[0m   [0mSET SQL_AUTO_IS_NULL=0[0m
  [4;36;1mSQL (0.0ms)[0m   [0;1mSHOW TABLES[0m
  [4;35;1mSQL (0.0ms)[0m   [0mSELECT version FROM schema_migrations[0m
Migrating to CreateAgencies (20100828053128)
  [4;36;1mSQL (93.7ms)[0m   [0;1mCREATE TABLE `agencies` (`id` int(11) DEFAULT NULL auto_increment PRIMARY KEY, `created_at` datetime, `updated_at` datetime) ENGINE=InnoDB[0m
  [4;35;1mSQL (46.9ms)[0m   [0mINSERT INTO schema_migrations (version) VALUES ('20100828053128')[0m
Migrating to CreateBudgets (20100828053322)
  [4;36;1mSQL (93.7ms)[0m   [0;1mCREATE TABLE `budgets` (`id` int(11) DEFAULT NULL auto_increment PRIMARY KEY, `b_amount` float, `b_time` datetime, `created_at` datetime, `updated_at` datetime) ENGINE=InnoDB[0m
  [4;35;1mSQL (31.2ms)[0m   [0mINSERT INTO schema_migrations (version) VALUES ('20100828053322')[0m
Migrating to CreateUsers (20100828053554)
  [4;36;1mSQL (93.7ms)[0m   [0;1mCREATE TABLE `users` (`id` int(11) DEFAULT NULL auto_increment PRIMARY KEY, `created_at` datetime, `updated_at` datetime) ENGINE=InnoDB[0m
  [4;35;1mSQL (31.2ms)[0m   [0mINSERT INTO schema_migrations (version) VALUES ('20100828053554')[0m
Migrating to CreateResearches (20100828053900)
  [4;36;1mSQL (93.7ms)[0m   [0;1mCREATE TABLE `researches` (`id` int(11) DEFAULT NULL auto_increment PRIMARY KEY, `created_at` datetime, `updated_at` datetime) ENGINE=InnoDB[0m
  [4;35;1mSQL (31.2ms)[0m   [0mINSERT INTO schema_migrations (version) VALUES ('20100828053900')[0m
Migrating to CreateEquipment (20100828054017)
  [4;36;1mSQL (78.1ms)[0m   [0;1mCREATE TABLE `equipment` (`id` int(11) DEFAULT NULL auto_increment PRIMARY KEY, `e_name` varchar(255), `e_price` float, `created_at` datetime, `updated_at` datetime) ENGINE=InnoDB[0m
  [4;35;1mSQL (31.2ms)[0m   [0mINSERT INTO schema_migrations (version) VALUES ('20100828054017')[0m
  [4;36;1mSQL (0.0ms)[0m   [0;1mSHOW TABLES[0m
  [4;35;1mSQL (15.6ms)[0m   [0mSELECT version FROM schema_migrations[0m
  [4;36;1mSQL (0.0ms)[0m   [0;1mSHOW TABLES[0m
  [4;35;1mSQL (0.0ms)[0m   [0mSHOW FIELDS FROM `agencies`[0m
  [4;36;1mSQL (250.0ms)[0m   [0;1mdescribe `agencies`[0m
  [4;35;1mSQL (0.0ms)[0m   [0mSHOW KEYS FROM `agencies`[0m
  [4;36;1mSQL (15.6ms)[0m   [0;1mSHOW FIELDS FROM `budgets`[0m
  [4;35;1mSQL (234.3ms)[0m   [0mdescribe `budgets`[0m
  [4;36;1mSQL (15.6ms)[0m   [0;1mSHOW KEYS FROM `budgets`[0m
  [4;35;1mSQL (0.0ms)[0m   [0mSHOW FIELDS FROM `equipment`[0m
  [4;36;1mSQL (234.3ms)[0m   [0;1mdescribe `equipment`[0m
  [4;35;1mSQL (0.0ms)[0m   [0mSHOW KEYS FROM `equipment`[0m
  [4;36;1mSQL (0.0ms)[0m   [0;1mSHOW FIELDS FROM `researches`[0m
  [4;35;1mSQL (15.6ms)[0m   [0mdescribe `researches`[0m
  [4;36;1mSQL (0.0ms)[0m   [0;1mSHOW KEYS FROM `researches`[0m
  [4;35;1mSQL (0.0ms)[0m   [0mSHOW FIELDS FROM `users`[0m
  [4;36;1mSQL (15.6ms)[0m   [0;1mdescribe `users`[0m
  [4;35;1mSQL (0.0ms)[0m   [0mSHOW KEYS FROM `users`[0m
  [4;36;1mSQL (0.0ms)[0m   [0;1mSET NAMES 'utf8'[0m
  [4;35;1mSQL (0.0ms)[0m   [0mSET SQL_AUTO_IS_NULL=0[0m
  [4;36;1mSQL (0.0ms)[0m   [0;1mSHOW TABLES[0m
  [4;35;1mSQL (0.0ms)[0m   [0mSELECT version FROM schema_migrations[0m
Migrating to CreateAgencies (20100828053128)
Migrating to CreateBudgets (20100828053322)
Migrating to CreateUsers (20100828053554)
Migrating to CreateResearches (20100828053900)
Migrating to CreateEquipment (20100828054017)
Migrating to CreatePublications (20100828072806)
  [4;36;1mSQL (187.5ms)[0m   [0;1mCREATE TABLE `publications` (`id` int(11) DEFAULT NULL auto_increment PRIMARY KEY, `file` text, `time` datetime, `created_at` datetime, `updated_at` datetime) ENGINE=InnoDB[0m
  [4;35;1mSQL (31.2ms)[0m   [0mINSERT INTO schema_migrations (version) VALUES ('20100828072806')[0m
  [4;36;1mSQL (0.0ms)[0m   [0;1mSHOW TABLES[0m
  [4;35;1mSQL (0.0ms)[0m   [0mSELECT version FROM schema_migrations[0m
  [4;36;1mSQL (0.0ms)[0m   [0;1mSHOW TABLES[0m
  [4;35;1mSQL (0.0ms)[0m   [0mSHOW FIELDS FROM `agencies`[0m
  [4;36;1mSQL (15.6ms)[0m   [0;1mdescribe `agencies`[0m
  [4;35;1mSQL (0.0ms)[0m   [0mSHOW KEYS FROM `agencies`[0m
  [4;36;1mSQL (0.0ms)[0m   [0;1mSHOW FIELDS FROM `budgets`[0m
  [4;35;1mSQL (0.0ms)[0m   [0mdescribe `budgets`[0m
  [4;36;1mSQL (15.6ms)[0m   [0;1mSHOW KEYS FROM `budgets`[0m
  [4;35;1mSQL (0.0ms)[0m   [0mSHOW FIELDS FROM `equipment`[0m
  [4;36;1mSQL (0.0ms)[0m   [0;1mdescribe `equipment`[0m
  [4;35;1mSQL (0.0ms)[0m   [0mSHOW KEYS FROM `equipment`[0m
  [4;36;1mSQL (15.6ms)[0m   [0;1mSHOW FIELDS FROM `publications`[0m
  [4;35;1mSQL (15.6ms)[0m   [0mdescribe `publications`[0m
  [4;36;1mSQL (0.0ms)[0m   [0;1mSHOW KEYS FROM `publications`[0m
  [4;35;1mSQL (0.0ms)[0m   [0mSHOW FIELDS FROM `researches`[0m
  [4;36;1mSQL (0.0ms)[0m   [0;1mdescribe `researches`[0m
  [4;35;1mSQL (15.6ms)[0m   [0mSHOW KEYS FROM `researches`[0m
  [4;36;1mSQL (0.0ms)[0m   [0;1mSHOW FIELDS FROM `users`[0m
  [4;35;1mSQL (0.0ms)[0m   [0mdescribe `users`[0m
  [4;36;1mSQL (0.0ms)[0m   [0;1mSHOW KEYS FROM `users`[0m
